Quantidade de ciclos total: 21

-------------------------------------------------------
Ciclo 1
IF:     add $t0, $zero, $v0
ID:     0
EX:     0
MEM:    0
WB:     0
-------------------------------------------------------
Ciclo 2
IF:     0
ID:     add $t0, $zero, $v0
EX:     0
MEM:    0
WB:     0
-------------------------------------------------------
Ciclo 3
IF:     0
ID:     0
EX:     add $t0, $zero, $v0
MEM:    0
WB:     0
-------------------------------------------------------
Ciclo 4
IF:     0
ID:     0
EX:     0
MEM:    add $t0, $zero, $v0
WB:     0
-------------------------------------------------------
Ciclo 5
IF:     add $t1, $t0, $t2
ID:     0
EX:     0
MEM:    0
WB:     add $t0, $zero, $v0
-------------------------------------------------------
Ciclo 6
IF:     0
ID:     add $t1, $t0, $t2
EX:     0
MEM:    0
WB:     0
-------------------------------------------------------
Ciclo 7
IF:     0
ID:     0
EX:     add $t1, $t0, $t2
MEM:    0
WB:     0
-------------------------------------------------------
Ciclo 8
IF:     0
ID:     0
EX:     0
MEM:    add $t1, $t0, $t2
WB:     0
-------------------------------------------------------
Ciclo 9
IF:     sub $s0, $t3, $t1
ID:     0
EX:     0
MEM:    0
WB:     add $t1, $t0, $t2
-------------------------------------------------------
Ciclo 10
IF:     0
ID:     sub $s0, $t3, $t1
EX:     0
MEM:    0
WB:     0
-------------------------------------------------------
Ciclo 11
IF:     0
ID:     0
EX:     sub $s0, $t3, $t1
MEM:    0
WB:     0
-------------------------------------------------------
Ciclo 12
IF:     0
ID:     0
EX:     0
MEM:    sub $s0, $t3, $t1
WB:     0
-------------------------------------------------------
Ciclo 13
IF:     lw $t4, 4($s0)
ID:     0
EX:     0
MEM:    0
WB:     sub $s0, $t3, $t1
-------------------------------------------------------
Ciclo 14
IF:     0
ID:     lw $t4, 4($s0)
EX:     0
MEM:    0
WB:     0
-------------------------------------------------------
Ciclo 15
IF:     0
ID:     0
EX:     lw $t4, 4($s0)
MEM:    0
WB:     0
-------------------------------------------------------
Ciclo 16
IF:     0
ID:     0
EX:     0
MEM:    lw $t4, 4($s0)
WB:     0
-------------------------------------------------------
Ciclo 17
IF:     beq $s0, $t4, 9
ID:     0
EX:     0
MEM:    0
WB:     lw $t4, 4($s0)
-------------------------------------------------------
Ciclo 18
IF:     0
ID:     beq $s0, $t4, 9
EX:     0
MEM:    0
WB:     0
-------------------------------------------------------
Ciclo 19
IF:     0
ID:     0
EX:     beq $s0, $t4, 9
MEM:    0
WB:     0
-------------------------------------------------------
Ciclo 20
IF:     0
ID:     0
EX:     0
MEM:    beq $s0, $t4, 9
WB:     0
-------------------------------------------------------
Ciclo 21
IF:     0
ID:     0
EX:     0
MEM:    0
WB:     beq $s0, $t4, 9
-------------------------------------------------------
