Quantidade de ciclos total: 18

-------------------------------------------------------
Ciclo 1
IF:     add $t0, $t1, $v0
ID:     0
EX:     0
MEM:    0
WB:     0
-------------------------------------------------------
Ciclo 2
IF:     add $t1, $t3, $t4
ID:     add $t0, $t1, $v0
EX:     0
MEM:    0
WB:     0
-------------------------------------------------------
Ciclo 3
IF:     0
ID:     add $t1, $t3, $t4
EX:     add $t0, $t1, $v0
MEM:    0
WB:     0
-------------------------------------------------------
Ciclo 4
IF:     0
ID:     0
EX:     add $t1, $t3, $t4
MEM:    add $t0, $t1, $v0
WB:     0
-------------------------------------------------------
Ciclo 5
IF:     0
ID:     0
EX:     0
MEM:    add $t1, $t3, $t4
WB:     add $t0, $t1, $v0
-------------------------------------------------------
Ciclo 6
IF:     add $t5, $t1, $t8
ID:     0
EX:     0
MEM:    0
WB:     add $t1, $t3, $t4
-------------------------------------------------------
Ciclo 7
IF:     0
ID:     add $t5, $t1, $t8
EX:     0
MEM:    0
WB:     0
-------------------------------------------------------
Ciclo 8
IF:     sub $t8, $t0, $t10
ID:     0
EX:     add $t5, $t1, $t8
MEM:    0
WB:     0
-------------------------------------------------------
Ciclo 9
IF:     lw $t11, 4($t10)
ID:     sub $t8, $t0, $t10
EX:     0
MEM:    add $t5, $t1, $t8
WB:     0
-------------------------------------------------------
Ciclo 10
IF:     0
ID:     lw $t11, 4($t10)
EX:     sub $t8, $t0, $t10
MEM:    0
WB:     add $t5, $t1, $t8
-------------------------------------------------------
Ciclo 11
IF:     0
ID:     0
EX:     lw $t11, 4($t10)
MEM:    sub $t8, $t0, $t10
WB:     0
-------------------------------------------------------
Ciclo 12
IF:     0
ID:     0
EX:     0
MEM:    lw $t11, 4($t10)
WB:     sub $t8, $t0, $t10
-------------------------------------------------------
Ciclo 13
IF:     sw $s0, 0($t11)
ID:     0
EX:     0
MEM:    0
WB:     lw $t11, 4($t10)
-------------------------------------------------------
Ciclo 14
IF:     lw $s2, 8($s0)
ID:     sw $s0, 0($t11)
EX:     0
MEM:    0
WB:     0
-------------------------------------------------------
Ciclo 15
IF:     0
ID:     lw $s2, 8($s0)
EX:     sw $s0, 0($t11)
MEM:    0
WB:     0
-------------------------------------------------------
Ciclo 16
IF:     0
ID:     0
EX:     lw $s2, 8($s0)
MEM:    sw $s0, 0($t11)
WB:     0
-------------------------------------------------------
Ciclo 17
IF:     0
ID:     0
EX:     0
MEM:    lw $s2, 8($s0)
WB:     sw $s0, 0($t11)
-------------------------------------------------------
Ciclo 18
IF:     0
ID:     0
EX:     0
MEM:    0
WB:     lw $s2, 8($s0)
-------------------------------------------------------
