Quantidade de ciclos total: 11

-------------------------------------------------------
Ciclo 1
IF:     add $t0, $t1, $v0
ID:     0
EX:     0
MEM:    0
WB:     0
-------------------------------------------------------
Ciclo 2
IF:     add $t2, $t3, $t4
ID:     add $t0, $t1, $v0
EX:     0
MEM:    0
WB:     0
-------------------------------------------------------
Ciclo 3
IF:     add $t5, $t6, $t7
ID:     add $t2, $t3, $t4
EX:     add $t0, $t1, $v0
MEM:    0
WB:     0
-------------------------------------------------------
Ciclo 4
IF:     sub $t8, $t9, $t10
ID:     add $t5, $t6, $t7
EX:     add $t2, $t3, $t4
MEM:    add $t0, $t1, $v0
WB:     0
-------------------------------------------------------
Ciclo 5
IF:     lw $t11, 4($t12)
ID:     sub $t8, $t9, $t10
EX:     add $t5, $t6, $t7
MEM:    add $t2, $t3, $t4
WB:     add $t0, $t1, $v0
-------------------------------------------------------
Ciclo 6
IF:     sw $s0, 0($s1)
ID:     lw $t11, 4($t12)
EX:     sub $t8, $t9, $t10
MEM:    add $t5, $t6, $t7
WB:     add $t2, $t3, $t4
-------------------------------------------------------
Ciclo 7
IF:     lw $s2, 8($s3)
ID:     sw $s0, 0($s1)
EX:     lw $t11, 4($t12)
MEM:    sub $t8, $t9, $t10
WB:     add $t5, $t6, $t7
-------------------------------------------------------
Ciclo 8
IF:     0
ID:     lw $s2, 8($s3)
EX:     sw $s0, 0($s1)
MEM:    lw $t11, 4($t12)
WB:     sub $t8, $t9, $t10
-------------------------------------------------------
Ciclo 9
IF:     0
ID:     0
EX:     lw $s2, 8($s3)
MEM:    sw $s0, 0($s1)
WB:     lw $t11, 4($t12)
-------------------------------------------------------
Ciclo 10
IF:     0
ID:     0
EX:     0
MEM:    lw $s2, 8($s3)
WB:     sw $s0, 0($s1)
-------------------------------------------------------
Ciclo 11
IF:     0
ID:     0
EX:     0
MEM:    0
WB:     lw $s2, 8($s3)
-------------------------------------------------------
