Quantidade de ciclos total: 12

-------------------------------------------------------
Ciclo 1
IF:     add $t0, $t1, $v0
ID:     0
EX:     0
MEM:    0
WB:     0
-------------------------------------------------------
Ciclo 2
IF:     add $t2, $t3, $t4
ID:     add $t0, $t1, $v0
EX:     0
MEM:    0
WB:     0
-------------------------------------------------------
Ciclo 3
IF:     add $t5, $t6, $t7
ID:     add $t2, $t3, $t4
EX:     add $t0, $t1, $v0
MEM:    0
WB:     0
-------------------------------------------------------
Ciclo 4
IF:     sub $t8, $t9, $t10
ID:     add $t5, $t6, $t7
EX:     add $t2, $t3, $t4
MEM:    add $t0, $t1, $v0
WB:     0
-------------------------------------------------------
Ciclo 5
IF:     j SETE
ID:     sub $t8, $t9, $t10
EX:     add $t5, $t6, $t7
MEM:    add $t2, $t3, $t4
WB:     add $t0, $t1, $v0
-------------------------------------------------------
Ciclo 6
IF:     add $t10, $t7, $t8
ID:     j SETE
EX:     sub $t8, $t9, $t10
MEM:    add $t5, $t6, $t7
WB:     add $t2, $t3, $t4
-------------------------------------------------------
Ciclo 7
IF:     sw $t4, 0($t9)
ID:     add $t10, $t7, $t8
EX:     j SETE
MEM:    sub $t8, $t9, $t10
WB:     add $t5, $t6, $t7
-------------------------------------------------------
Ciclo 8
IF:     lw $t4, 8($t11)
ID:     sw $t4, 0($t9)
EX:     add $t10, $t7, $t8
MEM:    j SETE
WB:     sub $t8, $t9, $t10
-------------------------------------------------------
Ciclo 9
IF:     0
ID:     lw $t4, 8($t11)
EX:     sw $t4, 0($t9)
MEM:    add $t10, $t7, $t8
WB:     j SETE
-------------------------------------------------------
Ciclo 10
IF:     0
ID:     0
EX:     lw $t4, 8($t11)
MEM:    sw $t4, 0($t9)
WB:     add $t10, $t7, $t8
-------------------------------------------------------
Ciclo 11
IF:     0
ID:     0
EX:     0
MEM:    lw $t4, 8($t11)
WB:     sw $t4, 0($t9)
-------------------------------------------------------
Ciclo 12
IF:     0
ID:     0
EX:     0
MEM:    0
WB:     lw $t4, 8($t11)
-------------------------------------------------------
