Quantidade de ciclos total: 13

-------------------------------------------------------
Ciclo 1
IF:     add $t0, $t1, $v0
ID:     0
EX:     0
MEM:    0
WB:     0
-------------------------------------------------------
Ciclo 2
IF:     add $t2, $t3, $t4
ID:     add $t0, $t1, $v0
EX:     0
MEM:    0
WB:     0
-------------------------------------------------------
Ciclo 3
IF:     add $t5, $t6, $t7
ID:     add $t2, $t3, $t4
EX:     add $t0, $t1, $v0
MEM:    0
WB:     0
-------------------------------------------------------
Ciclo 4
IF:     sub $t8, $t9, $t10
ID:     add $t5, $t6, $t7
EX:     add $t2, $t3, $t4
MEM:    add $t0, $t1, $v0
WB:     0
-------------------------------------------------------
Ciclo 5
IF:     0
ID:     sub $t8, $t9, $t10
EX:     add $t5, $t6, $t7
MEM:    add $t2, $t3, $t4
WB:     add $t0, $t1, $v0
-------------------------------------------------------
Ciclo 6
IF:     0
ID:     0
EX:     sub $t8, $t9, $t10
MEM:    add $t5, $t6, $t7
WB:     add $t2, $t3, $t4
-------------------------------------------------------
Ciclo 7
IF:     lw $t5, 4($t4)
ID:     0
EX:     0
MEM:    sub $t8, $t9, $t10
WB:     add $t5, $t6, $t7
-------------------------------------------------------
Ciclo 8
IF:     sw $s8, 0($t4)
ID:     lw $t5, 4($t4)
EX:     0
MEM:    0
WB:     sub $t8, $t9, $t10
-------------------------------------------------------
Ciclo 9
IF:     lw $s8, 8($s5)
ID:     sw $s8, 0($t4)
EX:     lw $t5, 4($t4)
MEM:    0
WB:     0
-------------------------------------------------------
Ciclo 10
IF:     0
ID:     lw $s8, 8($s5)
EX:     sw $s8, 0($t4)
MEM:    lw $t5, 4($t4)
WB:     0
-------------------------------------------------------
Ciclo 11
IF:     0
ID:     0
EX:     lw $s8, 8($s5)
MEM:    sw $s8, 0($t4)
WB:     lw $t5, 4($t4)
-------------------------------------------------------
Ciclo 12
IF:     0
ID:     0
EX:     0
MEM:    lw $s8, 8($s5)
WB:     sw $s8, 0($t4)
-------------------------------------------------------
Ciclo 13
IF:     0
ID:     0
EX:     0
MEM:    0
WB:     lw $s8, 8($s5)
-------------------------------------------------------
